# JRE version: Java(TM) SE Runtime Environment (11.0.2+9) (build 11.0.2+9-LTS)
# Java VM: Java HotSpot(TM) 64-Bit Server VM (11.0.2+9-LTS, mixed mode, tiered, compressed oops, g1 gc, windows-amd64)
Heap:
 garbage-first heap   total 189440K, used 41308K [0x0000000081c00000, 0x0000000100000000)
  region size 1024K, 23 young (23552K), 11 survivors (11264K)
 Metaspace       used 69250K, capacity 70749K, committed 71040K, reserved 1112064K
  class space    used 8633K, capacity 9232K, committed 9344K, reserved 1048576K
GC Heap History (10 events):
Event: 5.261 GC heap before
{Heap before GC invocations=10 (full 0):
 garbage-first heap   total 157696K, used 103483K [0x0000000081c00000, 0x0000000100000000)
  region size 1024K, 92 young (94208K), 7 survivors (7168K)
 Metaspace       used 41870K, capacity 43073K, committed 43264K, reserved 1087488K
  class space    used 5062K, capacity 5562K, committed 5632K, reserved 1048576K
}
Event: 5.281 GC heap after
{Heap after GC invocations=11 (full 0):
 garbage-first heap   total 189440K, used 19546K [0x0000000081c00000, 0x0000000100000000)
  region size 1024K, 10 young (10240K), 10 survivors (10240K)
 Metaspace       used 41870K, capacity 43073K, committed 43264K, reserved 1087488K
  class space    used 5062K, capacity 5562K, committed 5632K, reserved 1048576K
}
Event: 7.443 GC heap before
{Heap before GC invocations=11 (full 0):
 garbage-first heap   total 189440K, used 121946K [0x0000000081c00000, 0x0000000100000000)
  region size 1024K, 111 young (113664K), 10 survivors (10240K)
 Metaspace       used 45346K, capacity 46629K, committed 46720K, reserved 1089536K
  class space    used 5414K, capacity 5934K, committed 6016K, reserved 1048576K
}
Event: 7.458 GC heap after
{Heap after GC invocations=12 (full 0):
 garbage-first heap   total 189440K, used 21768K [0x0000000081c00000, 0x0000000100000000)
  region size 1024K, 9 young (9216K), 9 survivors (9216K)
 Metaspace       used 45346K, capacity 46629K, committed 46720K, reserved 1089536K
  class space    used 5414K, capacity 5934K, committed 6016K, reserved 1048576K
}
Event: 9.853 GC heap before
{Heap before GC invocations=12 (full 0):
 garbage-first heap   total 189440K, used 126216K [0x0000000081c00000, 0x0000000100000000)
  region size 1024K, 111 young (113664K), 9 survivors (9216K)
 Metaspace       used 57604K, capacity 58975K, committed 59264K, reserved 1101824K
  class space    used 7143K, capacity 7702K, committed 7808K, reserved 1048576K
}
Event: 9.864 GC heap after
{Heap after GC invocations=13 (full 0):
 garbage-first heap   total 189440K, used 25404K [0x0000000081c00000, 0x0000000100000000)
  region size 1024K, 11 young (11264K), 11 survivors (11264K)
 Metaspace       used 57604K, capacity 58975K, committed 59264K, reserved 1101824K
  class space    used 7143K, capacity 7702K, committed 7808K, reserved 1048576K
}
Event: 10.019 GC heap before
{Heap before GC invocations=13 (full 0):
 garbage-first heap   total 189440K, used 35644K [0x0000000081c00000, 0x0000000100000000)
  region size 1024K, 22 young (22528K), 11 survivors (11264K)
 Metaspace       used 58704K, capacity 60040K, committed 60160K, reserved 1101824K
  class space    used 7287K, capacity 7865K, committed 7936K, reserved 1048576K
}
Event: 10.028 GC heap after
{Heap after GC invocations=14 (full 0):
 garbage-first heap   total 189440K, used 25843K [0x0000000081c00000, 0x0000000100000000)
  region size 1024K, 7 young (7168K), 7 survivors (7168K)
 Metaspace       used 58704K, capacity 60040K, committed 60160K, reserved 1101824K
  class space    used 7287K, capacity 7865K, committed 7936K, reserved 1048576K
}
Event: 12.096 GC heap before
{Heap before GC invocations=15 (full 0):
 garbage-first heap   total 189440K, used 132339K [0x0000000081c00000, 0x0000000100000000)
  region size 1024K, 111 young (113664K), 7 survivors (7168K)
 Metaspace       used 69128K, capacity 70618K, committed 70784K, reserved 1110016K
  class space    used 8622K, capacity 9231K, committed 9344K, reserved 1048576K
}
Event: 12.109 GC heap after
{Heap after GC invocations=16 (full 0):
 garbage-first heap   total 189440K, used 30044K [0x0000000081c00000, 0x0000000100000000)
  region size 1024K, 11 young (11264K), 11 survivors (11264K)
 Metaspace       used 69128K, capacity 70618K, committed 70784K, reserved 1110016K
  class space    used 8622K, capacity 9231K, committed 9344K, reserved 1048576K
}

